<?xml version="1.0" encoding="UTF-8" standalone="yes"?><!DOCTYPE report PUBLIC "-//JACOCO//DTD Report 1.1//EN" "report.dtd"><report name="workspace_bdd"><sessioninfo id="MSI-62257de7" start="1639209614004" dump="1639209615197"/><sessioninfo id="MSI-9f0a2666" start="1639209692452" dump="1639209693838"/><sessioninfo id="MSI-fcab53c4" start="1639209809696" dump="1639209811362"/><sessioninfo id="MSI-bad6b0c4" start="1639209890244" dump="1639209891763"/><sessioninfo id="MSI-b1d66d3b" start="1639209959236" dump="1639209960776"/><sessioninfo id="MSI-37505046" start="1639210022699" dump="1639210024156"/><sessioninfo id="MSI-c432efa4" start="1639210216627" dump="1639210217588"/><sessioninfo id="MSI-89d4b1cb" start="1639210360971" dump="1639210362326"/></report>