<?xml version="1.0" encoding="UTF-8" ?>
<testsuite tests="4" failures="1" name="workspace_bdd.RunCucumberTest" time="0.358" errors="0" skipped="0">
  <properties>
[...]
</properties>
  <testcase classname="Matrix" name="A matrix is Toeplitz if every diagonal from top-left to bottom-right has the same elements." time="0.316">
    <failure type="java.lang.AssertionError">java.lang.AssertionError
	at org.junit.Assert.fail(Assert.java:87)
	at org.junit.Assert.assertTrue(Assert.java:42)
	at org.junit.Assert.assertTrue(Assert.java:53)
	at workspace_bdd.step_definitions.Matrix_step_definitions.return_true_if_the_matrix_is_toeplitz_otherwise_return_false(Matrix_step_definitions.java:29)
	at ✽.return true if the matrix is Toeplitz Otherwise return false(classpath:workspace_bdd/features/Matrix.feature:8)
</failure>
    <system-out>
Scenario: A matrix is Toeplitz if every diagonal from top-left to bottom-right has the same elements. &amp;#27;[90m# workspace_bdd/features/Matrix.feature:4&amp;#27;[0m
  &amp;#27;[32mGiven &amp;#27;[0m&amp;#27;[32man m x n matrix&amp;#27;[0m                                                                               &amp;#27;[90m# workspace_bdd.step_definitions.Matrix_step_definitions.an_m_x_n_matrix()&amp;#27;[0m
  &amp;#27;[32mWhen &amp;#27;[0m&amp;#27;[32mthe matrix is Toeplitz&amp;#27;[0m                                                                         &amp;#27;[90m# workspace_bdd.step_definitions.Matrix_step_definitions.the_matrix_is_toeplitz()&amp;#27;[0m
  &amp;#27;[31mThen &amp;#27;[0m&amp;#27;[31mreturn true if the matrix is Toeplitz Otherwise return false&amp;#27;[0m                                   &amp;#27;[90m# workspace_bdd.step_definitions.Matrix_step_definitions.return_true_if_the_matrix_is_toeplitz_otherwise_return_false()&amp;#27;[0m
      &amp;#27;[31mjava.lang.AssertionError
	at org.junit.Assert.fail(Assert.java:87)
	at org.junit.Assert.assertTrue(Assert.java:42)
	at org.junit.Assert.assertTrue(Assert.java:53)
	at workspace_bdd.step_definitions.Matrix_step_definitions.return_true_if_the_matrix_is_toeplitz_otherwise_return_false(Matrix_step_definitions.java:29)
	at âœ½.return true if the matrix is Toeplitz Otherwise return false(classpath:workspace_bdd/features/Matrix.feature:8)
&amp;#27;[0m
</system-out>
  </testcase>
  <testcase classname="Strings" name="Find the length of the longest substring without repeating characters #1" time="0.028"/>
  <testcase classname="Strings" name="Find the length of the longest substring without repeating characters #2" time="0.007"/>
  <testcase classname="Strings" name="Find the length of the longest substring without repeating characters #3" time="0.007"/>
</testsuite>