<?xml version="1.0" encoding="UTF-8"?>
<testsuite xmlns:xsi="http://www.w3.org/2001/XMLSchema-instance" xsi:noNamespaceSchemaLocation="https://maven.apache.org/surefire/maven-surefire-plugin/xsd/surefire-test-report.xsd" name="workspace_bdd.RunCucumberTest" time="0.691" tests="3" errors="0" skipped="0" failures="0">
  <properties>
[...]
</properties>
  <testcase name="Find the length of the longest substring without repeating characters #1" classname="Strings" time="0.171"/>
  <testcase name="Find the length of the longest substring without repeating characters #2" classname="Strings" time="0.033"/>
  <testcase name="Find the length of the longest substring without repeating characters #3" classname="Strings" time="0.03"/>
</testsuite>